[2025-04-05T16:03:27.569+0000] {local_task_job_runner.py:123} INFO - ::group::Pre task execution logs
[2025-04-05T16:03:27.611+0000] {taskinstance.py:2614} INFO - Dependencies all met for dep_context=non-requeueable deps ti=<TaskInstance: adhan_etl_weekly.transform_and_insert_refined manual__2025-04-05T15:43:39.076603+00:00 [queued]>
[2025-04-05T16:03:27.634+0000] {taskinstance.py:2614} INFO - Dependencies all met for dep_context=requeueable deps ti=<TaskInstance: adhan_etl_weekly.transform_and_insert_refined manual__2025-04-05T15:43:39.076603+00:00 [queued]>
[2025-04-05T16:03:27.636+0000] {taskinstance.py:2867} INFO - Starting attempt 2 of 2
[2025-04-05T16:03:27.944+0000] {taskinstance.py:2890} INFO - Executing <Task(PythonOperator): transform_and_insert_refined> on 2025-04-05 15:43:39.076603+00:00
[2025-04-05T16:03:27.957+0000] {warnings.py:112} WARNING - /home/***/.local/lib/python3.12/site-packages/***/task/task_runner/standard_task_runner.py:70: DeprecationWarning: This process (pid=420) is multi-threaded, use of fork() may lead to deadlocks in the child.
  pid = os.fork()

[2025-04-05T16:03:27.962+0000] {standard_task_runner.py:72} INFO - Started process 430 to run task
[2025-04-05T16:03:27.963+0000] {standard_task_runner.py:104} INFO - Running: ['***', 'tasks', 'run', 'adhan_etl_weekly', 'transform_and_insert_refined', 'manual__2025-04-05T15:43:39.076603+00:00', '--job-id', '825', '--raw', '--subdir', 'DAGS_FOLDER/PrayerTimePipeline.py', '--cfg-path', '/tmp/tmpri286qmq']
[2025-04-05T16:03:27.966+0000] {standard_task_runner.py:105} INFO - Job 825: Subtask transform_and_insert_refined
[2025-04-05T16:03:28.068+0000] {task_command.py:467} INFO - Running <TaskInstance: adhan_etl_weekly.transform_and_insert_refined manual__2025-04-05T15:43:39.076603+00:00 [running]> on host 83fc34a9e46f
[2025-04-05T16:03:28.265+0000] {taskinstance.py:3134} INFO - Exporting env vars: AIRFLOW_CTX_DAG_OWNER='***' AIRFLOW_CTX_DAG_ID='adhan_etl_weekly' AIRFLOW_CTX_TASK_ID='transform_and_insert_refined' AIRFLOW_CTX_EXECUTION_DATE='2025-04-05T15:43:39.076603+00:00' AIRFLOW_CTX_TRY_NUMBER='2' AIRFLOW_CTX_DAG_RUN_ID='manual__2025-04-05T15:43:39.076603+00:00'
[2025-04-05T16:03:28.268+0000] {logging_mixin.py:190} INFO - Task instance is in running state
[2025-04-05T16:03:28.269+0000] {logging_mixin.py:190} INFO -  Previous state of the Task instance: queued
[2025-04-05T16:03:28.270+0000] {logging_mixin.py:190} INFO - Current task name:transform_and_insert_refined state:running start_date:2025-04-05 16:03:27.613519+00:00
[2025-04-05T16:03:28.271+0000] {logging_mixin.py:190} INFO - Dag name:adhan_etl_weekly and current dag run status:running
[2025-04-05T16:03:28.273+0000] {taskinstance.py:732} INFO - ::endgroup::
[2025-04-05T16:08:25.661+0000] {python.py:240} INFO - Done. Returned value was: None
[2025-04-05T16:08:25.684+0000] {taskinstance.py:341} INFO - ::group::Post task execution logs
[2025-04-05T16:08:25.685+0000] {taskinstance.py:353} INFO - Marking task as SUCCESS. dag_id=adhan_etl_weekly, task_id=transform_and_insert_refined, run_id=manual__2025-04-05T15:43:39.076603+00:00, execution_date=20250405T154339, start_date=20250405T160327, end_date=20250405T160825
[2025-04-05T16:08:25.732+0000] {logging_mixin.py:190} INFO - Task instance in success state
[2025-04-05T16:08:25.733+0000] {logging_mixin.py:190} INFO -  Previous state of the Task instance: running
[2025-04-05T16:08:25.734+0000] {logging_mixin.py:190} INFO - Dag name:adhan_etl_weekly queued_at:2025-04-05 15:43:39.092133+00:00
[2025-04-05T16:08:25.735+0000] {logging_mixin.py:190} INFO - Task hostname:83fc34a9e46f operator:PythonOperator
[2025-04-05T16:08:25.765+0000] {local_task_job_runner.py:266} INFO - Task exited with return code 0
[2025-04-05T16:08:25.788+0000] {taskinstance.py:3901} INFO - 0 downstream tasks scheduled from follow-on schedule check
[2025-04-05T16:08:25.791+0000] {local_task_job_runner.py:245} INFO - ::endgroup::
