[2025-04-09T15:57:02.862+0000] {local_task_job_runner.py:123} INFO - ::group::Pre task execution logs
[2025-04-09T15:57:02.876+0000] {taskinstance.py:2614} INFO - Dependencies all met for dep_context=non-requeueable deps ti=<TaskInstance: adhan_etl_weekly.fetch_and_insert_cities manual__2025-04-09T15:57:01.368938+00:00 [queued]>
[2025-04-09T15:57:02.885+0000] {taskinstance.py:2614} INFO - Dependencies all met for dep_context=requeueable deps ti=<TaskInstance: adhan_etl_weekly.fetch_and_insert_cities manual__2025-04-09T15:57:01.368938+00:00 [queued]>
[2025-04-09T15:57:02.885+0000] {taskinstance.py:2867} INFO - Starting attempt 1 of 2
[2025-04-09T15:57:03.027+0000] {taskinstance.py:2890} INFO - Executing <Task(PythonOperator): fetch_and_insert_cities> on 2025-04-09 15:57:01.368938+00:00
[2025-04-09T15:57:03.035+0000] {warnings.py:112} WARNING - /home/***/.local/lib/python3.12/site-packages/***/task/task_runner/standard_task_runner.py:70: DeprecationWarning: This process (pid=126) is multi-threaded, use of fork() may lead to deadlocks in the child.
  pid = os.fork()

[2025-04-09T15:57:03.036+0000] {standard_task_runner.py:104} INFO - Running: ['***', 'tasks', 'run', 'adhan_etl_weekly', 'fetch_and_insert_cities', 'manual__2025-04-09T15:57:01.368938+00:00', '--job-id', '834', '--raw', '--subdir', 'DAGS_FOLDER/PrayerTimePipeline.py', '--cfg-path', '/tmp/tmplz3kd0zw']
[2025-04-09T15:57:03.037+0000] {standard_task_runner.py:72} INFO - Started process 128 to run task
[2025-04-09T15:57:03.038+0000] {standard_task_runner.py:105} INFO - Job 834: Subtask fetch_and_insert_cities
[2025-04-09T15:57:03.083+0000] {task_command.py:467} INFO - Running <TaskInstance: adhan_etl_weekly.fetch_and_insert_cities manual__2025-04-09T15:57:01.368938+00:00 [running]> on host 83fc34a9e46f
[2025-04-09T15:57:03.152+0000] {taskinstance.py:3134} INFO - Exporting env vars: AIRFLOW_CTX_DAG_OWNER='***' AIRFLOW_CTX_DAG_ID='adhan_etl_weekly' AIRFLOW_CTX_TASK_ID='fetch_and_insert_cities' AIRFLOW_CTX_EXECUTION_DATE='2025-04-09T15:57:01.368938+00:00' AIRFLOW_CTX_TRY_NUMBER='1' AIRFLOW_CTX_DAG_RUN_ID='manual__2025-04-09T15:57:01.368938+00:00'
[2025-04-09T15:57:03.154+0000] {logging_mixin.py:190} INFO - Task instance is in running state
[2025-04-09T15:57:03.154+0000] {logging_mixin.py:190} INFO -  Previous state of the Task instance: queued
[2025-04-09T15:57:03.155+0000] {logging_mixin.py:190} INFO - Current task name:fetch_and_insert_cities state:running start_date:2025-04-09 15:57:02.878036+00:00
[2025-04-09T15:57:03.155+0000] {logging_mixin.py:190} INFO - Dag name:adhan_etl_weekly and current dag run status:running
[2025-04-09T15:57:03.155+0000] {taskinstance.py:732} INFO - ::endgroup::
[2025-04-09T15:57:03.550+0000] {python.py:240} INFO - Done. Returned value was: None
[2025-04-09T15:57:03.560+0000] {taskinstance.py:341} INFO - ::group::Post task execution logs
[2025-04-09T15:57:03.561+0000] {taskinstance.py:353} INFO - Marking task as SUCCESS. dag_id=adhan_etl_weekly, task_id=fetch_and_insert_cities, run_id=manual__2025-04-09T15:57:01.368938+00:00, execution_date=20250409T155701, start_date=20250409T155702, end_date=20250409T155703
[2025-04-09T15:57:03.594+0000] {logging_mixin.py:190} INFO - Task instance in success state
[2025-04-09T15:57:03.595+0000] {logging_mixin.py:190} INFO -  Previous state of the Task instance: running
[2025-04-09T15:57:03.596+0000] {logging_mixin.py:190} INFO - Dag name:adhan_etl_weekly queued_at:2025-04-09 15:57:01.385492+00:00
[2025-04-09T15:57:03.596+0000] {logging_mixin.py:190} INFO - Task hostname:83fc34a9e46f operator:PythonOperator
[2025-04-09T15:57:03.615+0000] {local_task_job_runner.py:266} INFO - Task exited with return code 0
[2025-04-09T15:57:03.644+0000] {taskinstance.py:3901} INFO - 1 downstream tasks scheduled from follow-on schedule check
[2025-04-09T15:57:03.647+0000] {local_task_job_runner.py:245} INFO - ::endgroup::
