[2025-04-05T16:03:27.617+0000] {local_task_job_runner.py:123} INFO - ::group::Pre task execution logs
[2025-04-05T16:03:27.669+0000] {taskinstance.py:2614} INFO - Dependencies all met for dep_context=non-requeueable deps ti=<TaskInstance: adhan_etl_weekly.fetch_and_insert_raw_prayer_times manual__2025-04-05T15:53:36.877984+00:00 [queued]>
[2025-04-05T16:03:27.694+0000] {taskinstance.py:2614} INFO - Dependencies all met for dep_context=requeueable deps ti=<TaskInstance: adhan_etl_weekly.fetch_and_insert_raw_prayer_times manual__2025-04-05T15:53:36.877984+00:00 [queued]>
[2025-04-05T16:03:27.696+0000] {taskinstance.py:2867} INFO - Starting attempt 2 of 2
[2025-04-05T16:03:27.944+0000] {taskinstance.py:2890} INFO - Executing <Task(PythonOperator): fetch_and_insert_raw_prayer_times> on 2025-04-05 15:53:36.877984+00:00
[2025-04-05T16:03:27.957+0000] {warnings.py:112} WARNING - /home/***/.local/lib/python3.12/site-packages/***/task/task_runner/standard_task_runner.py:70: DeprecationWarning: This process (pid=419) is multi-threaded, use of fork() may lead to deadlocks in the child.
  pid = os.fork()

[2025-04-05T16:03:27.962+0000] {standard_task_runner.py:72} INFO - Started process 431 to run task
[2025-04-05T16:03:27.963+0000] {standard_task_runner.py:104} INFO - Running: ['***', 'tasks', 'run', 'adhan_etl_weekly', 'fetch_and_insert_raw_prayer_times', 'manual__2025-04-05T15:53:36.877984+00:00', '--job-id', '826', '--raw', '--subdir', 'DAGS_FOLDER/PrayerTimePipeline.py', '--cfg-path', '/tmp/tmpi3ia6zad']
[2025-04-05T16:03:27.965+0000] {standard_task_runner.py:105} INFO - Job 826: Subtask fetch_and_insert_raw_prayer_times
[2025-04-05T16:03:28.070+0000] {task_command.py:467} INFO - Running <TaskInstance: adhan_etl_weekly.fetch_and_insert_raw_prayer_times manual__2025-04-05T15:53:36.877984+00:00 [running]> on host 83fc34a9e46f
[2025-04-05T16:03:28.263+0000] {taskinstance.py:3134} INFO - Exporting env vars: AIRFLOW_CTX_DAG_OWNER='***' AIRFLOW_CTX_DAG_ID='adhan_etl_weekly' AIRFLOW_CTX_TASK_ID='fetch_and_insert_raw_prayer_times' AIRFLOW_CTX_EXECUTION_DATE='2025-04-05T15:53:36.877984+00:00' AIRFLOW_CTX_TRY_NUMBER='2' AIRFLOW_CTX_DAG_RUN_ID='manual__2025-04-05T15:53:36.877984+00:00'
[2025-04-05T16:03:28.266+0000] {logging_mixin.py:190} INFO - Task instance is in running state
[2025-04-05T16:03:28.267+0000] {logging_mixin.py:190} INFO -  Previous state of the Task instance: queued
[2025-04-05T16:03:28.269+0000] {logging_mixin.py:190} INFO - Current task name:fetch_and_insert_raw_prayer_times state:running start_date:2025-04-05 16:03:27.670746+00:00
[2025-04-05T16:03:28.269+0000] {logging_mixin.py:190} INFO - Dag name:adhan_etl_weekly and current dag run status:running
[2025-04-05T16:03:28.270+0000] {taskinstance.py:732} INFO - ::endgroup::
[2025-04-05T16:08:30.845+0000] {python.py:240} INFO - Done. Returned value was: None
[2025-04-05T16:08:30.869+0000] {taskinstance.py:341} INFO - ::group::Post task execution logs
[2025-04-05T16:08:30.872+0000] {taskinstance.py:353} INFO - Marking task as SUCCESS. dag_id=adhan_etl_weekly, task_id=fetch_and_insert_raw_prayer_times, run_id=manual__2025-04-05T15:53:36.877984+00:00, execution_date=20250405T155336, start_date=20250405T160327, end_date=20250405T160830
[2025-04-05T16:08:30.927+0000] {logging_mixin.py:190} INFO - Task instance in success state
[2025-04-05T16:08:30.928+0000] {logging_mixin.py:190} INFO -  Previous state of the Task instance: running
[2025-04-05T16:08:30.930+0000] {logging_mixin.py:190} INFO - Dag name:adhan_etl_weekly queued_at:2025-04-05 15:53:36.908430+00:00
[2025-04-05T16:08:30.930+0000] {logging_mixin.py:190} INFO - Task hostname:83fc34a9e46f operator:PythonOperator
[2025-04-05T16:08:30.962+0000] {local_task_job_runner.py:266} INFO - Task exited with return code 0
[2025-04-05T16:08:31.003+0000] {taskinstance.py:3901} INFO - 1 downstream tasks scheduled from follow-on schedule check
[2025-04-05T16:08:31.006+0000] {local_task_job_runner.py:245} INFO - ::endgroup::
