[2025-04-05T15:54:24.798+0000] {local_task_job_runner.py:123} INFO - ::group::Pre task execution logs
[2025-04-05T15:54:24.831+0000] {taskinstance.py:2614} INFO - Dependencies all met for dep_context=non-requeueable deps ti=<TaskInstance: adhan_insert_today_details.insert_current_day_details manual__2025-04-05T15:20:19.061728+00:00 [queued]>
[2025-04-05T15:54:24.848+0000] {taskinstance.py:2614} INFO - Dependencies all met for dep_context=requeueable deps ti=<TaskInstance: adhan_insert_today_details.insert_current_day_details manual__2025-04-05T15:20:19.061728+00:00 [queued]>
[2025-04-05T15:54:24.850+0000] {taskinstance.py:2867} INFO - Starting attempt 2 of 2
[2025-04-05T15:54:24.875+0000] {taskinstance.py:2890} INFO - Executing <Task(PythonOperator): insert_current_day_details> on 2025-04-05 15:20:19.061728+00:00
[2025-04-05T15:54:24.889+0000] {warnings.py:112} WARNING - /home/***/.local/lib/python3.12/site-packages/***/task/task_runner/standard_task_runner.py:70: DeprecationWarning: This process (pid=355) is multi-threaded, use of fork() may lead to deadlocks in the child.
  pid = os.fork()

[2025-04-05T15:54:24.893+0000] {standard_task_runner.py:72} INFO - Started process 357 to run task
[2025-04-05T15:54:24.894+0000] {standard_task_runner.py:104} INFO - Running: ['***', 'tasks', 'run', 'adhan_insert_today_details', 'insert_current_day_details', 'manual__2025-04-05T15:20:19.061728+00:00', '--job-id', '823', '--raw', '--subdir', 'DAGS_FOLDER/PrayerTimePipeline.py', '--cfg-path', '/tmp/tmpi6onv0g9']
[2025-04-05T15:54:24.896+0000] {standard_task_runner.py:105} INFO - Job 823: Subtask insert_current_day_details
[2025-04-05T15:54:24.988+0000] {task_command.py:467} INFO - Running <TaskInstance: adhan_insert_today_details.insert_current_day_details manual__2025-04-05T15:20:19.061728+00:00 [running]> on host 83fc34a9e46f
[2025-04-05T15:54:25.537+0000] {taskinstance.py:3134} INFO - Exporting env vars: AIRFLOW_CTX_DAG_OWNER='***' AIRFLOW_CTX_DAG_ID='adhan_insert_today_details' AIRFLOW_CTX_TASK_ID='insert_current_day_details' AIRFLOW_CTX_EXECUTION_DATE='2025-04-05T15:20:19.061728+00:00' AIRFLOW_CTX_TRY_NUMBER='2' AIRFLOW_CTX_DAG_RUN_ID='manual__2025-04-05T15:20:19.061728+00:00'
[2025-04-05T15:54:25.540+0000] {logging_mixin.py:190} INFO - Task instance is in running state
[2025-04-05T15:54:25.542+0000] {logging_mixin.py:190} INFO -  Previous state of the Task instance: queued
[2025-04-05T15:54:25.544+0000] {logging_mixin.py:190} INFO - Current task name:insert_current_day_details state:running start_date:2025-04-05 15:54:24.833301+00:00
[2025-04-05T15:54:25.546+0000] {logging_mixin.py:190} INFO - Dag name:adhan_insert_today_details and current dag run status:running
[2025-04-05T15:54:25.548+0000] {taskinstance.py:732} INFO - ::endgroup::
[2025-04-05T15:54:25.904+0000] {python.py:240} INFO - Done. Returned value was: None
[2025-04-05T15:54:25.917+0000] {taskinstance.py:341} INFO - ::group::Post task execution logs
[2025-04-05T15:54:25.918+0000] {taskinstance.py:353} INFO - Marking task as SUCCESS. dag_id=adhan_insert_today_details, task_id=insert_current_day_details, run_id=manual__2025-04-05T15:20:19.061728+00:00, execution_date=20250405T152019, start_date=20250405T155424, end_date=20250405T155425
[2025-04-05T15:54:25.951+0000] {logging_mixin.py:190} INFO - Task instance in success state
[2025-04-05T15:54:25.953+0000] {logging_mixin.py:190} INFO -  Previous state of the Task instance: running
[2025-04-05T15:54:25.954+0000] {logging_mixin.py:190} INFO - Dag name:adhan_insert_today_details queued_at:2025-04-05 15:20:19.072151+00:00
[2025-04-05T15:54:25.955+0000] {logging_mixin.py:190} INFO - Task hostname:83fc34a9e46f operator:PythonOperator
[2025-04-05T15:54:25.997+0000] {local_task_job_runner.py:266} INFO - Task exited with return code 0
[2025-04-05T15:54:26.029+0000] {taskinstance.py:3901} INFO - 0 downstream tasks scheduled from follow-on schedule check
[2025-04-05T15:54:26.033+0000] {local_task_job_runner.py:245} INFO - ::endgroup::
