[2025-04-09T15:57:41.578+0000] {local_task_job_runner.py:123} INFO - ::group::Pre task execution logs
[2025-04-09T15:57:41.598+0000] {taskinstance.py:2614} INFO - Dependencies all met for dep_context=non-requeueable deps ti=<TaskInstance: adhan_etl_weekly.transform_and_insert_refined scheduled__2025-03-30T00:00:00+00:00 [queued]>
[2025-04-09T15:57:41.609+0000] {taskinstance.py:2614} INFO - Dependencies all met for dep_context=requeueable deps ti=<TaskInstance: adhan_etl_weekly.transform_and_insert_refined scheduled__2025-03-30T00:00:00+00:00 [queued]>
[2025-04-09T15:57:41.610+0000] {taskinstance.py:2867} INFO - Starting attempt 1 of 2
[2025-04-09T15:57:41.761+0000] {taskinstance.py:2890} INFO - Executing <Task(PythonOperator): transform_and_insert_refined> on 2025-03-30 00:00:00+00:00
[2025-04-09T15:57:41.771+0000] {warnings.py:112} WARNING - /home/***/.local/lib/python3.12/site-packages/***/task/task_runner/standard_task_runner.py:70: DeprecationWarning: This process (pid=141) is multi-threaded, use of fork() may lead to deadlocks in the child.
  pid = os.fork()

[2025-04-09T15:57:41.772+0000] {standard_task_runner.py:72} INFO - Started process 143 to run task
[2025-04-09T15:57:41.773+0000] {standard_task_runner.py:104} INFO - Running: ['***', 'tasks', 'run', 'adhan_etl_weekly', 'transform_and_insert_refined', 'scheduled__2025-03-30T00:00:00+00:00', '--job-id', '836', '--raw', '--subdir', 'DAGS_FOLDER/PrayerTimePipeline.py', '--cfg-path', '/tmp/tmpnl0ztkc9']
[2025-04-09T15:57:41.774+0000] {standard_task_runner.py:105} INFO - Job 836: Subtask transform_and_insert_refined
[2025-04-09T15:57:41.822+0000] {task_command.py:467} INFO - Running <TaskInstance: adhan_etl_weekly.transform_and_insert_refined scheduled__2025-03-30T00:00:00+00:00 [running]> on host 83fc34a9e46f
[2025-04-09T15:57:41.892+0000] {taskinstance.py:3134} INFO - Exporting env vars: AIRFLOW_CTX_DAG_OWNER='***' AIRFLOW_CTX_DAG_ID='adhan_etl_weekly' AIRFLOW_CTX_TASK_ID='transform_and_insert_refined' AIRFLOW_CTX_EXECUTION_DATE='2025-03-30T00:00:00+00:00' AIRFLOW_CTX_TRY_NUMBER='1' AIRFLOW_CTX_DAG_RUN_ID='scheduled__2025-03-30T00:00:00+00:00'
[2025-04-09T15:57:41.894+0000] {logging_mixin.py:190} INFO - Task instance is in running state
[2025-04-09T15:57:41.895+0000] {logging_mixin.py:190} INFO -  Previous state of the Task instance: queued
[2025-04-09T15:57:41.896+0000] {logging_mixin.py:190} INFO - Current task name:transform_and_insert_refined state:running start_date:2025-04-09 15:57:41.599473+00:00
[2025-04-09T15:57:41.896+0000] {logging_mixin.py:190} INFO - Dag name:adhan_etl_weekly and current dag run status:running
[2025-04-09T15:57:41.897+0000] {taskinstance.py:732} INFO - ::endgroup::
[2025-04-09T16:03:40.959+0000] {python.py:240} INFO - Done. Returned value was: None
[2025-04-09T16:03:40.970+0000] {taskinstance.py:341} INFO - ::group::Post task execution logs
[2025-04-09T16:03:40.970+0000] {taskinstance.py:353} INFO - Marking task as SUCCESS. dag_id=adhan_etl_weekly, task_id=transform_and_insert_refined, run_id=scheduled__2025-03-30T00:00:00+00:00, execution_date=20250330T000000, start_date=20250409T155741, end_date=20250409T160340
[2025-04-09T16:03:40.994+0000] {logging_mixin.py:190} INFO - Task instance in success state
[2025-04-09T16:03:40.995+0000] {logging_mixin.py:190} INFO -  Previous state of the Task instance: running
[2025-04-09T16:03:40.996+0000] {logging_mixin.py:190} INFO - Dag name:adhan_etl_weekly queued_at:2025-04-09 15:54:00.537194+00:00
[2025-04-09T16:03:40.997+0000] {logging_mixin.py:190} INFO - Task hostname:83fc34a9e46f operator:PythonOperator
[2025-04-09T16:03:41.038+0000] {local_task_job_runner.py:266} INFO - Task exited with return code 0
[2025-04-09T16:03:41.053+0000] {taskinstance.py:3901} INFO - 0 downstream tasks scheduled from follow-on schedule check
[2025-04-09T16:03:41.056+0000] {local_task_job_runner.py:245} INFO - ::endgroup::
