[2025-04-09T15:54:07.492+0000] {local_task_job_runner.py:123} INFO - ::group::Pre task execution logs
[2025-04-09T15:54:07.808+0000] {taskinstance.py:2614} INFO - Dependencies all met for dep_context=non-requeueable deps ti=<TaskInstance: adhan_insert_today_details.insert_current_day_details scheduled__2025-04-08T00:00:00+00:00 [queued]>
[2025-04-09T15:54:07.825+0000] {taskinstance.py:2614} INFO - Dependencies all met for dep_context=requeueable deps ti=<TaskInstance: adhan_insert_today_details.insert_current_day_details scheduled__2025-04-08T00:00:00+00:00 [queued]>
[2025-04-09T15:54:07.826+0000] {taskinstance.py:2867} INFO - Starting attempt 1 of 2
[2025-04-09T15:54:07.858+0000] {taskinstance.py:2890} INFO - Executing <Task(PythonOperator): insert_current_day_details> on 2025-04-08 00:00:00+00:00
[2025-04-09T15:54:07.873+0000] {warnings.py:112} WARNING - /home/***/.local/lib/python3.12/site-packages/***/task/task_runner/standard_task_runner.py:70: DeprecationWarning: This process (pid=75) is multi-threaded, use of fork() may lead to deadlocks in the child.
  pid = os.fork()

[2025-04-09T15:54:07.875+0000] {standard_task_runner.py:72} INFO - Started process 85 to run task
[2025-04-09T15:54:07.876+0000] {standard_task_runner.py:104} INFO - Running: ['***', 'tasks', 'run', 'adhan_insert_today_details', 'insert_current_day_details', 'scheduled__2025-04-08T00:00:00+00:00', '--job-id', '832', '--raw', '--subdir', 'DAGS_FOLDER/PrayerTimePipeline.py', '--cfg-path', '/tmp/tmprmrhmi2h']
[2025-04-09T15:54:07.878+0000] {standard_task_runner.py:105} INFO - Job 832: Subtask insert_current_day_details
[2025-04-09T15:54:07.946+0000] {task_command.py:467} INFO - Running <TaskInstance: adhan_insert_today_details.insert_current_day_details scheduled__2025-04-08T00:00:00+00:00 [running]> on host 83fc34a9e46f
[2025-04-09T15:54:08.077+0000] {taskinstance.py:3134} INFO - Exporting env vars: AIRFLOW_CTX_DAG_OWNER='***' AIRFLOW_CTX_DAG_ID='adhan_insert_today_details' AIRFLOW_CTX_TASK_ID='insert_current_day_details' AIRFLOW_CTX_EXECUTION_DATE='2025-04-08T00:00:00+00:00' AIRFLOW_CTX_TRY_NUMBER='1' AIRFLOW_CTX_DAG_RUN_ID='scheduled__2025-04-08T00:00:00+00:00'
[2025-04-09T15:54:08.083+0000] {logging_mixin.py:190} INFO - Task instance is in running state
[2025-04-09T15:54:08.085+0000] {logging_mixin.py:190} INFO -  Previous state of the Task instance: queued
[2025-04-09T15:54:08.086+0000] {logging_mixin.py:190} INFO - Current task name:insert_current_day_details state:running start_date:2025-04-09 15:54:07.809728+00:00
[2025-04-09T15:54:08.087+0000] {logging_mixin.py:190} INFO - Dag name:adhan_insert_today_details and current dag run status:running
[2025-04-09T15:54:08.087+0000] {taskinstance.py:732} INFO - ::endgroup::
[2025-04-09T15:54:08.383+0000] {python.py:240} INFO - Done. Returned value was: None
[2025-04-09T15:54:08.401+0000] {taskinstance.py:341} INFO - ::group::Post task execution logs
[2025-04-09T15:54:08.402+0000] {taskinstance.py:353} INFO - Marking task as SUCCESS. dag_id=adhan_insert_today_details, task_id=insert_current_day_details, run_id=scheduled__2025-04-08T00:00:00+00:00, execution_date=20250408T000000, start_date=20250409T155407, end_date=20250409T155408
[2025-04-09T15:54:08.454+0000] {logging_mixin.py:190} INFO - Task instance in success state
[2025-04-09T15:54:08.456+0000] {logging_mixin.py:190} INFO -  Previous state of the Task instance: running
[2025-04-09T15:54:08.457+0000] {logging_mixin.py:190} INFO - Dag name:adhan_insert_today_details queued_at:2025-04-09 15:54:01.023260+00:00
[2025-04-09T15:54:08.457+0000] {logging_mixin.py:190} INFO - Task hostname:83fc34a9e46f operator:PythonOperator
[2025-04-09T15:54:08.496+0000] {local_task_job_runner.py:266} INFO - Task exited with return code 0
[2025-04-09T15:54:08.520+0000] {taskinstance.py:3901} INFO - 0 downstream tasks scheduled from follow-on schedule check
[2025-04-09T15:54:08.523+0000] {local_task_job_runner.py:245} INFO - ::endgroup::
