[2025-04-05T14:03:17.850+0000] {local_task_job_runner.py:123} INFO - ::group::Pre task execution logs
[2025-04-05T14:03:17.866+0000] {taskinstance.py:2614} INFO - Dependencies all met for dep_context=non-requeueable deps ti=<TaskInstance: prayer_times_etl.prayer_times_etl_task manual__2025-04-05T14:03:14.069113+00:00 [queued]>
[2025-04-05T14:03:17.874+0000] {taskinstance.py:2614} INFO - Dependencies all met for dep_context=requeueable deps ti=<TaskInstance: prayer_times_etl.prayer_times_etl_task manual__2025-04-05T14:03:14.069113+00:00 [queued]>
[2025-04-05T14:03:17.875+0000] {taskinstance.py:2867} INFO - Starting attempt 1 of 2
[2025-04-05T14:03:18.026+0000] {taskinstance.py:2890} INFO - Executing <Task(PythonOperator): prayer_times_etl_task> on 2025-04-05 14:03:14.069113+00:00
[2025-04-05T14:03:18.033+0000] {warnings.py:112} WARNING - /home/***/.local/lib/python3.12/site-packages/***/task/task_runner/standard_task_runner.py:70: DeprecationWarning: This process (pid=96) is multi-threaded, use of fork() may lead to deadlocks in the child.
  pid = os.fork()

[2025-04-05T14:03:18.035+0000] {standard_task_runner.py:72} INFO - Started process 98 to run task
[2025-04-05T14:03:18.035+0000] {standard_task_runner.py:104} INFO - Running: ['***', 'tasks', 'run', 'prayer_times_etl', 'prayer_times_etl_task', 'manual__2025-04-05T14:03:14.069113+00:00', '--job-id', '802', '--raw', '--subdir', 'DAGS_FOLDER/PrayerTimePipeline.py', '--cfg-path', '/tmp/tmp6dpmfmlz']
[2025-04-05T14:03:18.037+0000] {standard_task_runner.py:105} INFO - Job 802: Subtask prayer_times_etl_task
[2025-04-05T14:03:18.084+0000] {task_command.py:467} INFO - Running <TaskInstance: prayer_times_etl.prayer_times_etl_task manual__2025-04-05T14:03:14.069113+00:00 [running]> on host a31a66c6b7c5
[2025-04-05T14:03:18.162+0000] {taskinstance.py:3134} INFO - Exporting env vars: AIRFLOW_CTX_DAG_OWNER='***' AIRFLOW_CTX_DAG_ID='prayer_times_etl' AIRFLOW_CTX_TASK_ID='prayer_times_etl_task' AIRFLOW_CTX_EXECUTION_DATE='2025-04-05T14:03:14.069113+00:00' AIRFLOW_CTX_TRY_NUMBER='1' AIRFLOW_CTX_DAG_RUN_ID='manual__2025-04-05T14:03:14.069113+00:00'
[2025-04-05T14:03:18.164+0000] {logging_mixin.py:190} INFO - Task instance is in running state
[2025-04-05T14:03:18.165+0000] {logging_mixin.py:190} INFO -  Previous state of the Task instance: queued
[2025-04-05T14:03:18.165+0000] {logging_mixin.py:190} INFO - Current task name:prayer_times_etl_task state:running start_date:2025-04-05 14:03:17.867000+00:00
[2025-04-05T14:03:18.166+0000] {logging_mixin.py:190} INFO - Dag name:prayer_times_etl and current dag run status:running
[2025-04-05T14:03:18.166+0000] {taskinstance.py:732} INFO - ::endgroup::
[2025-04-05T14:03:18.168+0000] {logging_mixin.py:190} INFO - ❌ Error connecting to the database: connection to server at "localhost" (::1), port 5432 failed: Connection refused
	Is the server running on that host and accepting TCP/IP connections?
connection to server at "localhost" (127.0.0.1), port 5432 failed: Connection refused
	Is the server running on that host and accepting TCP/IP connections?
[2025-04-05T14:03:18.168+0000] {python.py:240} INFO - Done. Returned value was: None
[2025-04-05T14:03:18.177+0000] {taskinstance.py:341} INFO - ::group::Post task execution logs
[2025-04-05T14:03:18.177+0000] {taskinstance.py:353} INFO - Marking task as SUCCESS. dag_id=prayer_times_etl, task_id=prayer_times_etl_task, run_id=manual__2025-04-05T14:03:14.069113+00:00, execution_date=20250405T140314, start_date=20250405T140317, end_date=20250405T140318
[2025-04-05T14:03:18.197+0000] {logging_mixin.py:190} INFO - Task instance in success state
[2025-04-05T14:03:18.198+0000] {logging_mixin.py:190} INFO -  Previous state of the Task instance: running
[2025-04-05T14:03:18.198+0000] {logging_mixin.py:190} INFO - Dag name:prayer_times_etl queued_at:2025-04-05 14:03:14.084765+00:00
[2025-04-05T14:03:18.198+0000] {logging_mixin.py:190} INFO - Task hostname:a31a66c6b7c5 operator:PythonOperator
[2025-04-05T14:03:18.211+0000] {local_task_job_runner.py:266} INFO - Task exited with return code 0
[2025-04-05T14:03:18.227+0000] {taskinstance.py:3901} INFO - 0 downstream tasks scheduled from follow-on schedule check
[2025-04-05T14:03:18.229+0000] {local_task_job_runner.py:245} INFO - ::endgroup::
